<?xml version="1.0" encoding="UTF-8"?>
<testsuite xmlns:xsi="http://www.w3.org/2001/XMLSchema-instance" xsi:noNamespaceSchemaLocation="https://maven.apache.org/surefire/maven-surefire-plugin/xsd/surefire-test-report-3.0.xsd" version="3.0" name="com.aimusic.backend.controller.MusicControllerTest" time="29.395" tests="5" errors="0" skipped="0" failures="0">
  <properties>
    <property name="java.specification.version" value="17"/>
    <property name="sun.jnu.encoding" value="UTF-8"/>
    <property name="java.class.path" value="/Users/lijinggao/Downloads/AI_music_v0.1/backend/target/test-classes:/Users/lijinggao/Downloads/AI_music_v0.1/backend/target/classes:/Users/lijinggao/.m2/repository/org/springframework/boot/spring-boot-starter-web/3.2.1/spring-boot-starter-web-3.2.1.jar:/Users/lijinggao/.m2/repository/org/springframework/boot/spring-boot-starter/3.2.1/spring-boot-starter-3.2.1.jar:/Users/lijinggao/.m2/repository/org/springframework/boot/spring-boot/3.2.1/spring-boot-3.2.1.jar:/Users/lijinggao/.m2/repository/org/springframework/boot/spring-boot-autoconfigure/3.2.1/spring-boot-autoconfigure-3.2.1.jar:/Users/lijinggao/.m2/repository/org/springframework/boot/spring-boot-starter-logging/3.2.1/spring-boot-starter-logging-3.2.1.jar:/Users/lijinggao/.m2/repository/ch/qos/logback/logback-classic/1.4.14/logback-classic-1.4.14.jar:/Users/lijinggao/.m2/repository/ch/qos/logback/logback-core/1.4.14/logback-core-1.4.14.jar:/Users/lijinggao/.m2/repository/org/apache/logging/log4j/log4j-to-slf4j/2.21.1/log4j-to-slf4j-2.21.1.jar:/Users/lijinggao/.m2/repository/org/apache/logging/log4j/log4j-api/2.21.1/log4j-api-2.21.1.jar:/Users/lijinggao/.m2/repository/org/slf4j/jul-to-slf4j/2.0.9/jul-to-slf4j-2.0.9.jar:/Users/lijinggao/.m2/repository/jakarta/annotation/jakarta.annotation-api/2.1.1/jakarta.annotation-api-2.1.1.jar:/Users/lijinggao/.m2/repository/org/yaml/snakeyaml/2.2/snakeyaml-2.2.jar:/Users/lijinggao/.m2/repository/org/springframework/boot/spring-boot-starter-json/3.2.1/spring-boot-starter-json-3.2.1.jar:/Users/lijinggao/.m2/repository/com/fasterxml/jackson/core/jackson-databind/2.15.3/jackson-databind-2.15.3.jar:/Users/lijinggao/.m2/repository/com/fasterxml/jackson/core/jackson-annotations/2.15.3/jackson-annotations-2.15.3.jar:/Users/lijinggao/.m2/repository/com/fasterxml/jackson/datatype/jackson-datatype-jdk8/2.15.3/jackson-datatype-jdk8-2.15.3.jar:/Users/lijinggao/.m2/repository/com/fasterxml/jackson/datatype/jackson-datatype-jsr310/2.15.3/jackson-datatype-jsr310-2.15.3.jar:/Users/lijinggao/.m2/repository/com/fasterxml/jackson/module/jackson-module-parameter-names/2.15.3/jackson-module-parameter-names-2.15.3.jar:/Users/lijinggao/.m2/repository/org/springframework/boot/spring-boot-starter-tomcat/3.2.1/spring-boot-starter-tomcat-3.2.1.jar:/Users/lijinggao/.m2/repository/org/apache/tomcat/embed/tomcat-embed-core/10.1.17/tomcat-embed-core-10.1.17.jar:/Users/lijinggao/.m2/repository/org/apache/tomcat/embed/tomcat-embed-websocket/10.1.17/tomcat-embed-websocket-10.1.17.jar:/Users/lijinggao/.m2/repository/org/springframework/spring-web/6.1.2/spring-web-6.1.2.jar:/Users/lijinggao/.m2/repository/org/springframework/spring-beans/6.1.2/spring-beans-6.1.2.jar:/Users/lijinggao/.m2/repository/org/springframework/spring-webmvc/6.1.2/spring-webmvc-6.1.2.jar:/Users/lijinggao/.m2/repository/org/springframework/spring-context/6.1.2/spring-context-6.1.2.jar:/Users/lijinggao/.m2/repository/org/springframework/spring-expression/6.1.2/spring-expression-6.1.2.jar:/Users/lijinggao/.m2/repository/org/springframework/boot/spring-boot-starter-data-jpa/3.2.1/spring-boot-starter-data-jpa-3.2.1.jar:/Users/lijinggao/.m2/repository/org/springframework/boot/spring-boot-starter-jdbc/3.2.1/spring-boot-starter-jdbc-3.2.1.jar:/Users/lijinggao/.m2/repository/com/zaxxer/HikariCP/5.0.1/HikariCP-5.0.1.jar:/Users/lijinggao/.m2/repository/org/springframework/spring-jdbc/6.1.2/spring-jdbc-6.1.2.jar:/Users/lijinggao/.m2/repository/org/springframework/data/spring-data-jpa/3.2.1/spring-data-jpa-3.2.1.jar:/Users/lijinggao/.m2/repository/org/springframework/data/spring-data-commons/3.2.1/spring-data-commons-3.2.1.jar:/Users/lijinggao/.m2/repository/org/springframework/spring-orm/6.1.2/spring-orm-6.1.2.jar:/Users/lijinggao/.m2/repository/org/springframework/spring-tx/6.1.2/spring-tx-6.1.2.jar:/Users/lijinggao/.m2/repository/org/springframework/spring-aspects/6.1.2/spring-aspects-6.1.2.jar:/Users/lijinggao/.m2/repository/org/springframework/boot/spring-boot-starter-validation/3.2.1/spring-boot-starter-validation-3.2.1.jar:/Users/lijinggao/.m2/repository/org/apache/tomcat/embed/tomcat-embed-el/10.1.17/tomcat-embed-el-10.1.17.jar:/Users/lijinggao/.m2/repository/org/hibernate/validator/hibernate-validator/8.0.1.Final/hibernate-validator-8.0.1.Final.jar:/Users/lijinggao/.m2/repository/jakarta/validation/jakarta.validation-api/3.0.2/jakarta.validation-api-3.0.2.jar:/Users/lijinggao/.m2/repository/org/springframework/boot/spring-boot-starter-actuator/3.2.1/spring-boot-starter-actuator-3.2.1.jar:/Users/lijinggao/.m2/repository/org/springframework/boot/spring-boot-actuator-autoconfigure/3.2.1/spring-boot-actuator-autoconfigure-3.2.1.jar:/Users/lijinggao/.m2/repository/org/springframework/boot/spring-boot-actuator/3.2.1/spring-boot-actuator-3.2.1.jar:/Users/lijinggao/.m2/repository/io/micrometer/micrometer-observation/1.12.1/micrometer-observation-1.12.1.jar:/Users/lijinggao/.m2/repository/io/micrometer/micrometer-commons/1.12.1/micrometer-commons-1.12.1.jar:/Users/lijinggao/.m2/repository/io/micrometer/micrometer-jakarta9/1.12.1/micrometer-jakarta9-1.12.1.jar:/Users/lijinggao/.m2/repository/org/springframework/boot/spring-boot-starter-aop/3.2.1/spring-boot-starter-aop-3.2.1.jar:/Users/lijinggao/.m2/repository/org/springframework/spring-aop/6.1.2/spring-aop-6.1.2.jar:/Users/lijinggao/.m2/repository/org/aspectj/aspectjweaver/1.9.21/aspectjweaver-1.9.21.jar:/Users/lijinggao/.m2/repository/io/micrometer/micrometer-registry-prometheus/1.12.1/micrometer-registry-prometheus-1.12.1.jar:/Users/lijinggao/.m2/repository/io/micrometer/micrometer-core/1.12.1/micrometer-core-1.12.1.jar:/Users/lijinggao/.m2/repository/org/hdrhistogram/HdrHistogram/2.1.12/HdrHistogram-2.1.12.jar:/Users/lijinggao/.m2/repository/org/latencyutils/LatencyUtils/2.0.3/LatencyUtils-2.0.3.jar:/Users/lijinggao/.m2/repository/io/prometheus/simpleclient_common/0.16.0/simpleclient_common-0.16.0.jar:/Users/lijinggao/.m2/repository/io/prometheus/simpleclient/0.16.0/simpleclient-0.16.0.jar:/Users/lijinggao/.m2/repository/io/prometheus/simpleclient_tracer_otel/0.16.0/simpleclient_tracer_otel-0.16.0.jar:/Users/lijinggao/.m2/repository/io/prometheus/simpleclient_tracer_common/0.16.0/simpleclient_tracer_common-0.16.0.jar:/Users/lijinggao/.m2/repository/io/prometheus/simpleclient_tracer_otel_agent/0.16.0/simpleclient_tracer_otel_agent-0.16.0.jar:/Users/lijinggao/.m2/repository/io/micrometer/micrometer-tracing-bridge-brave/1.2.1/micrometer-tracing-bridge-brave-1.2.1.jar:/Users/lijinggao/.m2/repository/io/micrometer/micrometer-tracing/1.2.1/micrometer-tracing-1.2.1.jar:/Users/lijinggao/.m2/repository/io/micrometer/context-propagation/1.1.0/context-propagation-1.1.0.jar:/Users/lijinggao/.m2/repository/aopalliance/aopalliance/1.0/aopalliance-1.0.jar:/Users/lijinggao/.m2/repository/org/slf4j/slf4j-api/2.0.9/slf4j-api-2.0.9.jar:/Users/lijinggao/.m2/repository/io/zipkin/brave/brave/5.16.0/brave-5.16.0.jar:/Users/lijinggao/.m2/repository/io/zipkin/brave/brave-context-slf4j/5.16.0/brave-context-slf4j-5.16.0.jar:/Users/lijinggao/.m2/repository/io/zipkin/brave/brave-instrumentation-http/5.16.0/brave-instrumentation-http-5.16.0.jar:/Users/lijinggao/.m2/repository/io/zipkin/aws/brave-propagation-aws/0.23.5/brave-propagation-aws-0.23.5.jar:/Users/lijinggao/.m2/repository/org/postgresql/postgresql/42.6.0/postgresql-42.6.0.jar:/Users/lijinggao/.m2/repository/org/checkerframework/checker-qual/3.31.0/checker-qual-3.31.0.jar:/Users/lijinggao/.m2/repository/com/h2database/h2/2.2.224/h2-2.2.224.jar:/Users/lijinggao/.m2/repository/org/flywaydb/flyway-core/9.22.3/flyway-core-9.22.3.jar:/Users/lijinggao/.m2/repository/com/fasterxml/jackson/dataformat/jackson-dataformat-toml/2.15.3/jackson-dataformat-toml-2.15.3.jar:/Users/lijinggao/.m2/repository/com/fasterxml/jackson/core/jackson-core/2.15.3/jackson-core-2.15.3.jar:/Users/lijinggao/.m2/repository/com/google/code/gson/gson/2.10.1/gson-2.10.1.jar:/Users/lijinggao/.m2/repository/org/hibernate/orm/hibernate-core/6.3.1.Final/hibernate-core-6.3.1.Final.jar:/Users/lijinggao/.m2/repository/jakarta/persistence/jakarta.persistence-api/3.1.0/jakarta.persistence-api-3.1.0.jar:/Users/lijinggao/.m2/repository/jakarta/transaction/jakarta.transaction-api/2.0.1/jakarta.transaction-api-2.0.1.jar:/Users/lijinggao/.m2/repository/org/jboss/logging/jboss-logging/3.5.3.Final/jboss-logging-3.5.3.Final.jar:/Users/lijinggao/.m2/repository/org/hibernate/common/hibernate-commons-annotations/6.0.6.Final/hibernate-commons-annotations-6.0.6.Final.jar:/Users/lijinggao/.m2/repository/io/smallrye/jandex/3.1.2/jandex-3.1.2.jar:/Users/lijinggao/.m2/repository/com/fasterxml/classmate/1.6.0/classmate-1.6.0.jar:/Users/lijinggao/.m2/repository/net/bytebuddy/byte-buddy/1.14.10/byte-buddy-1.14.10.jar:/Users/lijinggao/.m2/repository/jakarta/xml/bind/jakarta.xml.bind-api/4.0.1/jakarta.xml.bind-api-4.0.1.jar:/Users/lijinggao/.m2/repository/jakarta/activation/jakarta.activation-api/2.1.2/jakarta.activation-api-2.1.2.jar:/Users/lijinggao/.m2/repository/org/glassfish/jaxb/jaxb-runtime/4.0.4/jaxb-runtime-4.0.4.jar:/Users/lijinggao/.m2/repository/org/glassfish/jaxb/jaxb-core/4.0.4/jaxb-core-4.0.4.jar:/Users/lijinggao/.m2/repository/org/eclipse/angus/angus-activation/2.0.1/angus-activation-2.0.1.jar:/Users/lijinggao/.m2/repository/org/glassfish/jaxb/txw2/4.0.4/txw2-4.0.4.jar:/Users/lijinggao/.m2/repository/com/sun/istack/istack-commons-runtime/4.1.2/istack-commons-runtime-4.1.2.jar:/Users/lijinggao/.m2/repository/jakarta/inject/jakarta.inject-api/2.0.1/jakarta.inject-api-2.0.1.jar:/Users/lijinggao/.m2/repository/org/antlr/antlr4-runtime/4.10.1/antlr4-runtime-4.10.1.jar:/Users/lijinggao/.m2/repository/org/projectlombok/lombok/1.18.30/lombok-1.18.30.jar:/Users/lijinggao/.m2/repository/org/mapstruct/mapstruct/1.5.5.Final/mapstruct-1.5.5.Final.jar:/Users/lijinggao/.m2/repository/org/springdoc/springdoc-openapi-starter-webmvc-ui/2.3.0/springdoc-openapi-starter-webmvc-ui-2.3.0.jar:/Users/lijinggao/.m2/repository/org/springdoc/springdoc-openapi-starter-webmvc-api/2.3.0/springdoc-openapi-starter-webmvc-api-2.3.0.jar:/Users/lijinggao/.m2/repository/org/springdoc/springdoc-openapi-starter-common/2.3.0/springdoc-openapi-starter-common-2.3.0.jar:/Users/lijinggao/.m2/repository/io/swagger/core/v3/swagger-core-jakarta/2.2.19/swagger-core-jakarta-2.2.19.jar:/Users/lijinggao/.m2/repository/org/apache/commons/commons-lang3/3.13.0/commons-lang3-3.13.0.jar:/Users/lijinggao/.m2/repository/io/swagger/core/v3/swagger-annotations-jakarta/2.2.19/swagger-annotations-jakarta-2.2.19.jar:/Users/lijinggao/.m2/repository/io/swagger/core/v3/swagger-models-jakarta/2.2.19/swagger-models-jakarta-2.2.19.jar:/Users/lijinggao/.m2/repository/com/fasterxml/jackson/dataformat/jackson-dataformat-yaml/2.15.3/jackson-dataformat-yaml-2.15.3.jar:/Users/lijinggao/.m2/repository/org/webjars/swagger-ui/5.10.3/swagger-ui-5.10.3.jar:/Users/lijinggao/.m2/repository/org/springframework/boot/spring-boot-starter-test/3.2.1/spring-boot-starter-test-3.2.1.jar:/Users/lijinggao/.m2/repository/org/springframework/boot/spring-boot-test/3.2.1/spring-boot-test-3.2.1.jar:/Users/lijinggao/.m2/repository/org/springframework/boot/spring-boot-test-autoconfigure/3.2.1/spring-boot-test-autoconfigure-3.2.1.jar:/Users/lijinggao/.m2/repository/com/jayway/jsonpath/json-path/2.8.0/json-path-2.8.0.jar:/Users/lijinggao/.m2/repository/net/minidev/json-smart/2.5.0/json-smart-2.5.0.jar:/Users/lijinggao/.m2/repository/net/minidev/accessors-smart/2.5.0/accessors-smart-2.5.0.jar:/Users/lijinggao/.m2/repository/org/ow2/asm/asm/9.3/asm-9.3.jar:/Users/lijinggao/.m2/repository/org/assertj/assertj-core/3.24.2/assertj-core-3.24.2.jar:/Users/lijinggao/.m2/repository/org/awaitility/awaitility/4.2.0/awaitility-4.2.0.jar:/Users/lijinggao/.m2/repository/org/hamcrest/hamcrest/2.2/hamcrest-2.2.jar:/Users/lijinggao/.m2/repository/org/junit/jupiter/junit-jupiter/5.10.1/junit-jupiter-5.10.1.jar:/Users/lijinggao/.m2/repository/org/junit/jupiter/junit-jupiter-api/5.10.1/junit-jupiter-api-5.10.1.jar:/Users/lijinggao/.m2/repository/org/opentest4j/opentest4j/1.3.0/opentest4j-1.3.0.jar:/Users/lijinggao/.m2/repository/org/junit/platform/junit-platform-commons/1.10.1/junit-platform-commons-1.10.1.jar:/Users/lijinggao/.m2/repository/org/apiguardian/apiguardian-api/1.1.2/apiguardian-api-1.1.2.jar:/Users/lijinggao/.m2/repository/org/junit/jupiter/junit-jupiter-params/5.10.1/junit-jupiter-params-5.10.1.jar:/Users/lijinggao/.m2/repository/org/junit/jupiter/junit-jupiter-engine/5.10.1/junit-jupiter-engine-5.10.1.jar:/Users/lijinggao/.m2/repository/org/junit/platform/junit-platform-engine/1.10.1/junit-platform-engine-1.10.1.jar:/Users/lijinggao/.m2/repository/org/mockito/mockito-core/5.7.0/mockito-core-5.7.0.jar:/Users/lijinggao/.m2/repository/net/bytebuddy/byte-buddy-agent/1.14.10/byte-buddy-agent-1.14.10.jar:/Users/lijinggao/.m2/repository/org/objenesis/objenesis/3.3/objenesis-3.3.jar:/Users/lijinggao/.m2/repository/org/mockito/mockito-junit-jupiter/5.7.0/mockito-junit-jupiter-5.7.0.jar:/Users/lijinggao/.m2/repository/org/skyscreamer/jsonassert/1.5.1/jsonassert-1.5.1.jar:/Users/lijinggao/.m2/repository/com/vaadin/external/google/android-json/0.0.20131108.vaadin1/android-json-0.0.20131108.vaadin1.jar:/Users/lijinggao/.m2/repository/org/springframework/spring-core/6.1.2/spring-core-6.1.2.jar:/Users/lijinggao/.m2/repository/org/springframework/spring-jcl/6.1.2/spring-jcl-6.1.2.jar:/Users/lijinggao/.m2/repository/org/springframework/spring-test/6.1.2/spring-test-6.1.2.jar:/Users/lijinggao/.m2/repository/org/xmlunit/xmlunit-core/2.9.1/xmlunit-core-2.9.1.jar:/Users/lijinggao/.m2/repository/org/testcontainers/postgresql/1.19.3/postgresql-1.19.3.jar:/Users/lijinggao/.m2/repository/org/testcontainers/jdbc/1.19.3/jdbc-1.19.3.jar:/Users/lijinggao/.m2/repository/org/testcontainers/database-commons/1.19.3/database-commons-1.19.3.jar:/Users/lijinggao/.m2/repository/org/testcontainers/junit-jupiter/1.19.3/junit-jupiter-1.19.3.jar:/Users/lijinggao/.m2/repository/org/testcontainers/testcontainers/1.19.3/testcontainers-1.19.3.jar:/Users/lijinggao/.m2/repository/junit/junit/4.13.2/junit-4.13.2.jar:/Users/lijinggao/.m2/repository/org/hamcrest/hamcrest-core/2.2/hamcrest-core-2.2.jar:/Users/lijinggao/.m2/repository/org/apache/commons/commons-compress/1.24.0/commons-compress-1.24.0.jar:/Users/lijinggao/.m2/repository/org/rnorth/duct-tape/duct-tape/1.0.8/duct-tape-1.0.8.jar:/Users/lijinggao/.m2/repository/org/jetbrains/annotations/17.0.0/annotations-17.0.0.jar:/Users/lijinggao/.m2/repository/com/github/docker-java/docker-java-api/3.3.4/docker-java-api-3.3.4.jar:/Users/lijinggao/.m2/repository/com/github/docker-java/docker-java-transport-zerodep/3.3.4/docker-java-transport-zerodep-3.3.4.jar:/Users/lijinggao/.m2/repository/com/github/docker-java/docker-java-transport/3.3.4/docker-java-transport-3.3.4.jar:/Users/lijinggao/.m2/repository/net/java/dev/jna/jna/5.13.0/jna-5.13.0.jar:/Users/lijinggao/.m2/repository/me/paulschwarz/spring-dotenv/4.0.0/spring-dotenv-4.0.0.jar:/Users/lijinggao/.m2/repository/io/github/cdimascio/dotenv-java/3.0.0/dotenv-java-3.0.0.jar:"/>
    <property name="java.vm.vendor" value="Homebrew"/>
    <property name="sun.arch.data.model" value="64"/>
    <property name="java.vendor.url" value="https://github.com/Homebrew/homebrew-core/issues"/>
    <property name="user.timezone" value="America/Chicago"/>
    <property name="org.jboss.logging.provider" value="slf4j"/>
    <property name="os.name" value="Mac OS X"/>
    <property name="java.vm.specification.version" value="17"/>
    <property name="sun.java.launcher" value="SUN_STANDARD"/>
    <property name="user.country" value="US"/>
    <property name="sun.boot.library.path" value="/usr/local/Cellar/openjdk@17/17.0.14/libexec/openjdk.jdk/Contents/Home/lib"/>
    <property name="sun.java.command" value="/Users/lijinggao/Downloads/AI_music_v0.1/backend/target/surefire/surefirebooter-20250124094253280_3.jar /Users/lijinggao/Downloads/AI_music_v0.1/backend/target/surefire 2025-01-24T09-42-53_114-jvmRun1 surefire-20250124094253280_1tmp surefire_0-20250124094253280_2tmp"/>
    <property name="http.nonProxyHosts" value="local|*.local|169.254/16|*.169.254/16"/>
    <property name="jdk.debug" value="release"/>
    <property name="surefire.test.class.path" value="/Users/lijinggao/Downloads/AI_music_v0.1/backend/target/test-classes:/Users/lijinggao/Downloads/AI_music_v0.1/backend/target/classes:/Users/lijinggao/.m2/repository/org/springframework/boot/spring-boot-starter-web/3.2.1/spring-boot-starter-web-3.2.1.jar:/Users/lijinggao/.m2/repository/org/springframework/boot/spring-boot-starter/3.2.1/spring-boot-starter-3.2.1.jar:/Users/lijinggao/.m2/repository/org/springframework/boot/spring-boot/3.2.1/spring-boot-3.2.1.jar:/Users/lijinggao/.m2/repository/org/springframework/boot/spring-boot-autoconfigure/3.2.1/spring-boot-autoconfigure-3.2.1.jar:/Users/lijinggao/.m2/repository/org/springframework/boot/spring-boot-starter-logging/3.2.1/spring-boot-starter-logging-3.2.1.jar:/Users/lijinggao/.m2/repository/ch/qos/logback/logback-classic/1.4.14/logback-classic-1.4.14.jar:/Users/lijinggao/.m2/repository/ch/qos/logback/logback-core/1.4.14/logback-core-1.4.14.jar:/Users/lijinggao/.m2/repository/org/apache/logging/log4j/log4j-to-slf4j/2.21.1/log4j-to-slf4j-2.21.1.jar:/Users/lijinggao/.m2/repository/org/apache/logging/log4j/log4j-api/2.21.1/log4j-api-2.21.1.jar:/Users/lijinggao/.m2/repository/org/slf4j/jul-to-slf4j/2.0.9/jul-to-slf4j-2.0.9.jar:/Users/lijinggao/.m2/repository/jakarta/annotation/jakarta.annotation-api/2.1.1/jakarta.annotation-api-2.1.1.jar:/Users/lijinggao/.m2/repository/org/yaml/snakeyaml/2.2/snakeyaml-2.2.jar:/Users/lijinggao/.m2/repository/org/springframework/boot/spring-boot-starter-json/3.2.1/spring-boot-starter-json-3.2.1.jar:/Users/lijinggao/.m2/repository/com/fasterxml/jackson/core/jackson-databind/2.15.3/jackson-databind-2.15.3.jar:/Users/lijinggao/.m2/repository/com/fasterxml/jackson/core/jackson-annotations/2.15.3/jackson-annotations-2.15.3.jar:/Users/lijinggao/.m2/repository/com/fasterxml/jackson/datatype/jackson-datatype-jdk8/2.15.3/jackson-datatype-jdk8-2.15.3.jar:/Users/lijinggao/.m2/repository/com/fasterxml/jackson/datatype/jackson-datatype-jsr310/2.15.3/jackson-datatype-jsr310-2.15.3.jar:/Users/lijinggao/.m2/repository/com/fasterxml/jackson/module/jackson-module-parameter-names/2.15.3/jackson-module-parameter-names-2.15.3.jar:/Users/lijinggao/.m2/repository/org/springframework/boot/spring-boot-starter-tomcat/3.2.1/spring-boot-starter-tomcat-3.2.1.jar:/Users/lijinggao/.m2/repository/org/apache/tomcat/embed/tomcat-embed-core/10.1.17/tomcat-embed-core-10.1.17.jar:/Users/lijinggao/.m2/repository/org/apache/tomcat/embed/tomcat-embed-websocket/10.1.17/tomcat-embed-websocket-10.1.17.jar:/Users/lijinggao/.m2/repository/org/springframework/spring-web/6.1.2/spring-web-6.1.2.jar:/Users/lijinggao/.m2/repository/org/springframework/spring-beans/6.1.2/spring-beans-6.1.2.jar:/Users/lijinggao/.m2/repository/org/springframework/spring-webmvc/6.1.2/spring-webmvc-6.1.2.jar:/Users/lijinggao/.m2/repository/org/springframework/spring-context/6.1.2/spring-context-6.1.2.jar:/Users/lijinggao/.m2/repository/org/springframework/spring-expression/6.1.2/spring-expression-6.1.2.jar:/Users/lijinggao/.m2/repository/org/springframework/boot/spring-boot-starter-data-jpa/3.2.1/spring-boot-starter-data-jpa-3.2.1.jar:/Users/lijinggao/.m2/repository/org/springframework/boot/spring-boot-starter-jdbc/3.2.1/spring-boot-starter-jdbc-3.2.1.jar:/Users/lijinggao/.m2/repository/com/zaxxer/HikariCP/5.0.1/HikariCP-5.0.1.jar:/Users/lijinggao/.m2/repository/org/springframework/spring-jdbc/6.1.2/spring-jdbc-6.1.2.jar:/Users/lijinggao/.m2/repository/org/springframework/data/spring-data-jpa/3.2.1/spring-data-jpa-3.2.1.jar:/Users/lijinggao/.m2/repository/org/springframework/data/spring-data-commons/3.2.1/spring-data-commons-3.2.1.jar:/Users/lijinggao/.m2/repository/org/springframework/spring-orm/6.1.2/spring-orm-6.1.2.jar:/Users/lijinggao/.m2/repository/org/springframework/spring-tx/6.1.2/spring-tx-6.1.2.jar:/Users/lijinggao/.m2/repository/org/springframework/spring-aspects/6.1.2/spring-aspects-6.1.2.jar:/Users/lijinggao/.m2/repository/org/springframework/boot/spring-boot-starter-validation/3.2.1/spring-boot-starter-validation-3.2.1.jar:/Users/lijinggao/.m2/repository/org/apache/tomcat/embed/tomcat-embed-el/10.1.17/tomcat-embed-el-10.1.17.jar:/Users/lijinggao/.m2/repository/org/hibernate/validator/hibernate-validator/8.0.1.Final/hibernate-validator-8.0.1.Final.jar:/Users/lijinggao/.m2/repository/jakarta/validation/jakarta.validation-api/3.0.2/jakarta.validation-api-3.0.2.jar:/Users/lijinggao/.m2/repository/org/springframework/boot/spring-boot-starter-actuator/3.2.1/spring-boot-starter-actuator-3.2.1.jar:/Users/lijinggao/.m2/repository/org/springframework/boot/spring-boot-actuator-autoconfigure/3.2.1/spring-boot-actuator-autoconfigure-3.2.1.jar:/Users/lijinggao/.m2/repository/org/springframework/boot/spring-boot-actuator/3.2.1/spring-boot-actuator-3.2.1.jar:/Users/lijinggao/.m2/repository/io/micrometer/micrometer-observation/1.12.1/micrometer-observation-1.12.1.jar:/Users/lijinggao/.m2/repository/io/micrometer/micrometer-commons/1.12.1/micrometer-commons-1.12.1.jar:/Users/lijinggao/.m2/repository/io/micrometer/micrometer-jakarta9/1.12.1/micrometer-jakarta9-1.12.1.jar:/Users/lijinggao/.m2/repository/org/springframework/boot/spring-boot-starter-aop/3.2.1/spring-boot-starter-aop-3.2.1.jar:/Users/lijinggao/.m2/repository/org/springframework/spring-aop/6.1.2/spring-aop-6.1.2.jar:/Users/lijinggao/.m2/repository/org/aspectj/aspectjweaver/1.9.21/aspectjweaver-1.9.21.jar:/Users/lijinggao/.m2/repository/io/micrometer/micrometer-registry-prometheus/1.12.1/micrometer-registry-prometheus-1.12.1.jar:/Users/lijinggao/.m2/repository/io/micrometer/micrometer-core/1.12.1/micrometer-core-1.12.1.jar:/Users/lijinggao/.m2/repository/org/hdrhistogram/HdrHistogram/2.1.12/HdrHistogram-2.1.12.jar:/Users/lijinggao/.m2/repository/org/latencyutils/LatencyUtils/2.0.3/LatencyUtils-2.0.3.jar:/Users/lijinggao/.m2/repository/io/prometheus/simpleclient_common/0.16.0/simpleclient_common-0.16.0.jar:/Users/lijinggao/.m2/repository/io/prometheus/simpleclient/0.16.0/simpleclient-0.16.0.jar:/Users/lijinggao/.m2/repository/io/prometheus/simpleclient_tracer_otel/0.16.0/simpleclient_tracer_otel-0.16.0.jar:/Users/lijinggao/.m2/repository/io/prometheus/simpleclient_tracer_common/0.16.0/simpleclient_tracer_common-0.16.0.jar:/Users/lijinggao/.m2/repository/io/prometheus/simpleclient_tracer_otel_agent/0.16.0/simpleclient_tracer_otel_agent-0.16.0.jar:/Users/lijinggao/.m2/repository/io/micrometer/micrometer-tracing-bridge-brave/1.2.1/micrometer-tracing-bridge-brave-1.2.1.jar:/Users/lijinggao/.m2/repository/io/micrometer/micrometer-tracing/1.2.1/micrometer-tracing-1.2.1.jar:/Users/lijinggao/.m2/repository/io/micrometer/context-propagation/1.1.0/context-propagation-1.1.0.jar:/Users/lijinggao/.m2/repository/aopalliance/aopalliance/1.0/aopalliance-1.0.jar:/Users/lijinggao/.m2/repository/org/slf4j/slf4j-api/2.0.9/slf4j-api-2.0.9.jar:/Users/lijinggao/.m2/repository/io/zipkin/brave/brave/5.16.0/brave-5.16.0.jar:/Users/lijinggao/.m2/repository/io/zipkin/brave/brave-context-slf4j/5.16.0/brave-context-slf4j-5.16.0.jar:/Users/lijinggao/.m2/repository/io/zipkin/brave/brave-instrumentation-http/5.16.0/brave-instrumentation-http-5.16.0.jar:/Users/lijinggao/.m2/repository/io/zipkin/aws/brave-propagation-aws/0.23.5/brave-propagation-aws-0.23.5.jar:/Users/lijinggao/.m2/repository/org/postgresql/postgresql/42.6.0/postgresql-42.6.0.jar:/Users/lijinggao/.m2/repository/org/checkerframework/checker-qual/3.31.0/checker-qual-3.31.0.jar:/Users/lijinggao/.m2/repository/com/h2database/h2/2.2.224/h2-2.2.224.jar:/Users/lijinggao/.m2/repository/org/flywaydb/flyway-core/9.22.3/flyway-core-9.22.3.jar:/Users/lijinggao/.m2/repository/com/fasterxml/jackson/dataformat/jackson-dataformat-toml/2.15.3/jackson-dataformat-toml-2.15.3.jar:/Users/lijinggao/.m2/repository/com/fasterxml/jackson/core/jackson-core/2.15.3/jackson-core-2.15.3.jar:/Users/lijinggao/.m2/repository/com/google/code/gson/gson/2.10.1/gson-2.10.1.jar:/Users/lijinggao/.m2/repository/org/hibernate/orm/hibernate-core/6.3.1.Final/hibernate-core-6.3.1.Final.jar:/Users/lijinggao/.m2/repository/jakarta/persistence/jakarta.persistence-api/3.1.0/jakarta.persistence-api-3.1.0.jar:/Users/lijinggao/.m2/repository/jakarta/transaction/jakarta.transaction-api/2.0.1/jakarta.transaction-api-2.0.1.jar:/Users/lijinggao/.m2/repository/org/jboss/logging/jboss-logging/3.5.3.Final/jboss-logging-3.5.3.Final.jar:/Users/lijinggao/.m2/repository/org/hibernate/common/hibernate-commons-annotations/6.0.6.Final/hibernate-commons-annotations-6.0.6.Final.jar:/Users/lijinggao/.m2/repository/io/smallrye/jandex/3.1.2/jandex-3.1.2.jar:/Users/lijinggao/.m2/repository/com/fasterxml/classmate/1.6.0/classmate-1.6.0.jar:/Users/lijinggao/.m2/repository/net/bytebuddy/byte-buddy/1.14.10/byte-buddy-1.14.10.jar:/Users/lijinggao/.m2/repository/jakarta/xml/bind/jakarta.xml.bind-api/4.0.1/jakarta.xml.bind-api-4.0.1.jar:/Users/lijinggao/.m2/repository/jakarta/activation/jakarta.activation-api/2.1.2/jakarta.activation-api-2.1.2.jar:/Users/lijinggao/.m2/repository/org/glassfish/jaxb/jaxb-runtime/4.0.4/jaxb-runtime-4.0.4.jar:/Users/lijinggao/.m2/repository/org/glassfish/jaxb/jaxb-core/4.0.4/jaxb-core-4.0.4.jar:/Users/lijinggao/.m2/repository/org/eclipse/angus/angus-activation/2.0.1/angus-activation-2.0.1.jar:/Users/lijinggao/.m2/repository/org/glassfish/jaxb/txw2/4.0.4/txw2-4.0.4.jar:/Users/lijinggao/.m2/repository/com/sun/istack/istack-commons-runtime/4.1.2/istack-commons-runtime-4.1.2.jar:/Users/lijinggao/.m2/repository/jakarta/inject/jakarta.inject-api/2.0.1/jakarta.inject-api-2.0.1.jar:/Users/lijinggao/.m2/repository/org/antlr/antlr4-runtime/4.10.1/antlr4-runtime-4.10.1.jar:/Users/lijinggao/.m2/repository/org/projectlombok/lombok/1.18.30/lombok-1.18.30.jar:/Users/lijinggao/.m2/repository/org/mapstruct/mapstruct/1.5.5.Final/mapstruct-1.5.5.Final.jar:/Users/lijinggao/.m2/repository/org/springdoc/springdoc-openapi-starter-webmvc-ui/2.3.0/springdoc-openapi-starter-webmvc-ui-2.3.0.jar:/Users/lijinggao/.m2/repository/org/springdoc/springdoc-openapi-starter-webmvc-api/2.3.0/springdoc-openapi-starter-webmvc-api-2.3.0.jar:/Users/lijinggao/.m2/repository/org/springdoc/springdoc-openapi-starter-common/2.3.0/springdoc-openapi-starter-common-2.3.0.jar:/Users/lijinggao/.m2/repository/io/swagger/core/v3/swagger-core-jakarta/2.2.19/swagger-core-jakarta-2.2.19.jar:/Users/lijinggao/.m2/repository/org/apache/commons/commons-lang3/3.13.0/commons-lang3-3.13.0.jar:/Users/lijinggao/.m2/repository/io/swagger/core/v3/swagger-annotations-jakarta/2.2.19/swagger-annotations-jakarta-2.2.19.jar:/Users/lijinggao/.m2/repository/io/swagger/core/v3/swagger-models-jakarta/2.2.19/swagger-models-jakarta-2.2.19.jar:/Users/lijinggao/.m2/repository/com/fasterxml/jackson/dataformat/jackson-dataformat-yaml/2.15.3/jackson-dataformat-yaml-2.15.3.jar:/Users/lijinggao/.m2/repository/org/webjars/swagger-ui/5.10.3/swagger-ui-5.10.3.jar:/Users/lijinggao/.m2/repository/org/springframework/boot/spring-boot-starter-test/3.2.1/spring-boot-starter-test-3.2.1.jar:/Users/lijinggao/.m2/repository/org/springframework/boot/spring-boot-test/3.2.1/spring-boot-test-3.2.1.jar:/Users/lijinggao/.m2/repository/org/springframework/boot/spring-boot-test-autoconfigure/3.2.1/spring-boot-test-autoconfigure-3.2.1.jar:/Users/lijinggao/.m2/repository/com/jayway/jsonpath/json-path/2.8.0/json-path-2.8.0.jar:/Users/lijinggao/.m2/repository/net/minidev/json-smart/2.5.0/json-smart-2.5.0.jar:/Users/lijinggao/.m2/repository/net/minidev/accessors-smart/2.5.0/accessors-smart-2.5.0.jar:/Users/lijinggao/.m2/repository/org/ow2/asm/asm/9.3/asm-9.3.jar:/Users/lijinggao/.m2/repository/org/assertj/assertj-core/3.24.2/assertj-core-3.24.2.jar:/Users/lijinggao/.m2/repository/org/awaitility/awaitility/4.2.0/awaitility-4.2.0.jar:/Users/lijinggao/.m2/repository/org/hamcrest/hamcrest/2.2/hamcrest-2.2.jar:/Users/lijinggao/.m2/repository/org/junit/jupiter/junit-jupiter/5.10.1/junit-jupiter-5.10.1.jar:/Users/lijinggao/.m2/repository/org/junit/jupiter/junit-jupiter-api/5.10.1/junit-jupiter-api-5.10.1.jar:/Users/lijinggao/.m2/repository/org/opentest4j/opentest4j/1.3.0/opentest4j-1.3.0.jar:/Users/lijinggao/.m2/repository/org/junit/platform/junit-platform-commons/1.10.1/junit-platform-commons-1.10.1.jar:/Users/lijinggao/.m2/repository/org/apiguardian/apiguardian-api/1.1.2/apiguardian-api-1.1.2.jar:/Users/lijinggao/.m2/repository/org/junit/jupiter/junit-jupiter-params/5.10.1/junit-jupiter-params-5.10.1.jar:/Users/lijinggao/.m2/repository/org/junit/jupiter/junit-jupiter-engine/5.10.1/junit-jupiter-engine-5.10.1.jar:/Users/lijinggao/.m2/repository/org/junit/platform/junit-platform-engine/1.10.1/junit-platform-engine-1.10.1.jar:/Users/lijinggao/.m2/repository/org/mockito/mockito-core/5.7.0/mockito-core-5.7.0.jar:/Users/lijinggao/.m2/repository/net/bytebuddy/byte-buddy-agent/1.14.10/byte-buddy-agent-1.14.10.jar:/Users/lijinggao/.m2/repository/org/objenesis/objenesis/3.3/objenesis-3.3.jar:/Users/lijinggao/.m2/repository/org/mockito/mockito-junit-jupiter/5.7.0/mockito-junit-jupiter-5.7.0.jar:/Users/lijinggao/.m2/repository/org/skyscreamer/jsonassert/1.5.1/jsonassert-1.5.1.jar:/Users/lijinggao/.m2/repository/com/vaadin/external/google/android-json/0.0.20131108.vaadin1/android-json-0.0.20131108.vaadin1.jar:/Users/lijinggao/.m2/repository/org/springframework/spring-core/6.1.2/spring-core-6.1.2.jar:/Users/lijinggao/.m2/repository/org/springframework/spring-jcl/6.1.2/spring-jcl-6.1.2.jar:/Users/lijinggao/.m2/repository/org/springframework/spring-test/6.1.2/spring-test-6.1.2.jar:/Users/lijinggao/.m2/repository/org/xmlunit/xmlunit-core/2.9.1/xmlunit-core-2.9.1.jar:/Users/lijinggao/.m2/repository/org/testcontainers/postgresql/1.19.3/postgresql-1.19.3.jar:/Users/lijinggao/.m2/repository/org/testcontainers/jdbc/1.19.3/jdbc-1.19.3.jar:/Users/lijinggao/.m2/repository/org/testcontainers/database-commons/1.19.3/database-commons-1.19.3.jar:/Users/lijinggao/.m2/repository/org/testcontainers/junit-jupiter/1.19.3/junit-jupiter-1.19.3.jar:/Users/lijinggao/.m2/repository/org/testcontainers/testcontainers/1.19.3/testcontainers-1.19.3.jar:/Users/lijinggao/.m2/repository/junit/junit/4.13.2/junit-4.13.2.jar:/Users/lijinggao/.m2/repository/org/hamcrest/hamcrest-core/2.2/hamcrest-core-2.2.jar:/Users/lijinggao/.m2/repository/org/apache/commons/commons-compress/1.24.0/commons-compress-1.24.0.jar:/Users/lijinggao/.m2/repository/org/rnorth/duct-tape/duct-tape/1.0.8/duct-tape-1.0.8.jar:/Users/lijinggao/.m2/repository/org/jetbrains/annotations/17.0.0/annotations-17.0.0.jar:/Users/lijinggao/.m2/repository/com/github/docker-java/docker-java-api/3.3.4/docker-java-api-3.3.4.jar:/Users/lijinggao/.m2/repository/com/github/docker-java/docker-java-transport-zerodep/3.3.4/docker-java-transport-zerodep-3.3.4.jar:/Users/lijinggao/.m2/repository/com/github/docker-java/docker-java-transport/3.3.4/docker-java-transport-3.3.4.jar:/Users/lijinggao/.m2/repository/net/java/dev/jna/jna/5.13.0/jna-5.13.0.jar:/Users/lijinggao/.m2/repository/me/paulschwarz/spring-dotenv/4.0.0/spring-dotenv-4.0.0.jar:/Users/lijinggao/.m2/repository/io/github/cdimascio/dotenv-java/3.0.0/dotenv-java-3.0.0.jar:"/>
    <property name="sun.cpu.endian" value="little"/>
    <property name="user.home" value="/Users/lijinggao"/>
    <property name="user.language" value="en"/>
    <property name="java.specification.vendor" value="Oracle Corporation"/>
    <property name="java.version.date" value="2025-01-21"/>
    <property name="java.home" value="/usr/local/Cellar/openjdk@17/17.0.14/libexec/openjdk.jdk/Contents/Home"/>
    <property name="file.separator" value="/"/>
    <property name="basedir" value="/Users/lijinggao/Downloads/AI_music_v0.1/backend"/>
    <property name="java.vm.compressedOopsMode" value="Zero based"/>
    <property name="line.separator" value="&#10;"/>
    <property name="java.vm.specification.vendor" value="Oracle Corporation"/>
    <property name="java.specification.name" value="Java Platform API Specification"/>
    <property name="FILE_LOG_CHARSET" value="UTF-8"/>
    <property name="java.awt.headless" value="true"/>
    <property name="surefire.real.class.path" value="/Users/lijinggao/Downloads/AI_music_v0.1/backend/target/surefire/surefirebooter-20250124094253280_3.jar"/>
    <property name="sun.management.compiler" value="HotSpot 64-Bit Tiered Compilers"/>
    <property name="ftp.nonProxyHosts" value="local|*.local|169.254/16|*.169.254/16"/>
    <property name="java.runtime.version" value="17.0.14+0"/>
    <property name="LOG_CORRELATION_PATTERN" value="%correlationId"/>
    <property name="user.name" value="lijinggao"/>
    <property name="path.separator" value=":"/>
    <property name="os.version" value="14.7.2"/>
    <property name="java.runtime.name" value="OpenJDK Runtime Environment"/>
    <property name="file.encoding" value="UTF-8"/>
    <property name="java.vm.name" value="OpenJDK 64-Bit Server VM"/>
    <property name="java.vendor.version" value="Homebrew"/>
    <property name="localRepository" value="/Users/lijinggao/.m2/repository"/>
    <property name="java.vendor.url.bug" value="https://github.com/Homebrew/homebrew-core/issues"/>
    <property name="java.io.tmpdir" value="/var/folders/nf/bgkzpk2n2v53385210v6fz6r0000gn/T/"/>
    <property name="com.zaxxer.hikari.pool_number" value="1"/>
    <property name="java.version" value="17.0.14"/>
    <property name="user.dir" value="/Users/lijinggao/Downloads/AI_music_v0.1/backend"/>
    <property name="os.arch" value="x86_64"/>
    <property name="java.vm.specification.name" value="Java Virtual Machine Specification"/>
    <property name="PID" value="13807"/>
    <property name="CONSOLE_LOG_CHARSET" value="UTF-8"/>
    <property name="native.encoding" value="UTF-8"/>
    <property name="java.library.path" value="/Users/lijinggao/Library/Java/Extensions:/Library/Java/Extensions:/Network/Library/Java/Extensions:/System/Library/Java/Extensions:/usr/lib/java:."/>
    <property name="java.vm.info" value="mixed mode, sharing"/>
    <property name="java.vendor" value="Homebrew"/>
    <property name="java.vm.version" value="17.0.14+0"/>
    <property name="java.specification.maintenance.version" value="1"/>
    <property name="sun.io.unicode.encoding" value="UnicodeBig"/>
    <property name="socksNonProxyHosts" value="local|*.local|169.254/16|*.169.254/16"/>
    <property name="java.class.version" value="61.0"/>
    <property name="LOGGED_APPLICATION_NAME" value="[ai-music-backend] "/>
  </properties>
  <testcase name="shouldReturn400_whenInvalidRequest" classname="com.aimusic.backend.controller.MusicControllerTest" time="1.443">
    <system-out><![CDATA[2025-01-24T09:43:23.913-06:00  INFO 13807 --- [ai-music-backend] [           main] [                                                 ] t.c.s.AnnotationConfigContextLoaderUtils : Could not detect default configuration classes for test class [com.aimusic.backend.controller.MusicControllerTest]: MusicControllerTest does not declare any static, non-private, non-final, nested classes annotated with @Configuration.
2025-01-24T09:43:23.971-06:00  INFO 13807 --- [ai-music-backend] [           main] [                                                 ] .b.t.c.SpringBootTestContextBootstrapper : Found @SpringBootConfiguration com.aimusic.backend.AiMusicApplication for test class com.aimusic.backend.controller.MusicControllerTest
2025-01-24T09:43:24.067-06:00  INFO 13807 --- [ai-music-backend] [           main] [                                                 ] m.p.springdotenv.DotenvPropertySource    : Initialized Dotenv with DotenvConfig{directory=null, filename=null, ignoreIfMalformed=false, ignoreIfMissing=true, systemProperties=false, prefix=null}

  .   ____          _            __ _ _
 /\\ / ___'_ __ _ _(_)_ __  __ _ \ \ \ \
( ( )\___ | '_ | '_| | '_ \/ _` | \ \ \ \
 \\/  ___)| |_)| | | | | || (_| |  ) ) ) )
  '  |____| .__|_| |_|_| |_\__, | / / / /
 =========|_|==============|___/=/_/_/_/
 :: Spring Boot ::                (v3.2.1)

2025-01-24T09:43:24.290-06:00  INFO 13807 --- [ai-music-backend] [           main] [                                                 ] c.a.b.controller.MusicControllerTest     : Starting MusicControllerTest using Java 17.0.14 with PID 13807 (started by lijinggao in /Users/lijinggao/Downloads/AI_music_v0.1/backend)
2025-01-24T09:43:24.291-06:00 DEBUG 13807 --- [ai-music-backend] [           main] [                                                 ] c.a.b.controller.MusicControllerTest     : Running with Spring Boot v3.2.1, Spring v6.1.2
2025-01-24T09:43:24.292-06:00  INFO 13807 --- [ai-music-backend] [           main] [                                                 ] c.a.b.controller.MusicControllerTest     : The following 1 profile is active: "test"
2025-01-24T09:43:26.764-06:00  INFO 13807 --- [ai-music-backend] [           main] [                                                 ] .s.d.r.c.RepositoryConfigurationDelegate : Bootstrapping Spring Data JPA repositories in DEFAULT mode.
2025-01-24T09:43:26.783-06:00  INFO 13807 --- [ai-music-backend] [           main] [                                                 ] .s.d.r.c.RepositoryConfigurationDelegate : Finished Spring Data repository scanning in 17 ms. Found 1 JPA repository interface.
2025-01-24T09:43:32.724-06:00  INFO 13807 --- [ai-music-backend] [           main] [                                                 ] com.zaxxer.hikari.HikariDataSource       : HikariPool-1 - Starting...
2025-01-24T09:43:32.840-06:00  INFO 13807 --- [ai-music-backend] [           main] [                                                 ] com.zaxxer.hikari.pool.HikariPool        : HikariPool-1 - Added connection conn9: url=jdbc:h2:mem:testdb user=SA
2025-01-24T09:43:32.849-06:00  INFO 13807 --- [ai-music-backend] [           main] [                                                 ] com.zaxxer.hikari.HikariDataSource       : HikariPool-1 - Start completed.
2025-01-24T09:43:33.225-06:00  INFO 13807 --- [ai-music-backend] [           main] [                                                 ] org.flywaydb.core.FlywayExecutor         : Database: jdbc:h2:mem:testdb (H2 2.2)
2025-01-24T09:43:33.234-06:00  WARN 13807 --- [ai-music-backend] [           main] [                                                 ] o.f.c.internal.database.base.Database    : Flyway upgrade recommended: H2 2.2.224 is newer than this version of Flyway and support has not been tested. The latest supported version of H2 is 2.2.220.
2025-01-24T09:43:33.248-06:00  INFO 13807 --- [ai-music-backend] [           main] [                                                 ] o.f.c.i.s.JdbcTableSchemaHistory         : Schema history table "PUBLIC"."flyway_schema_history" does not exist yet
2025-01-24T09:43:33.250-06:00  INFO 13807 --- [ai-music-backend] [           main] [                                                 ] o.f.core.internal.command.DbValidate     : Successfully validated 1 migration (execution time 00:00.008s)
2025-01-24T09:43:33.269-06:00  INFO 13807 --- [ai-music-backend] [           main] [                                                 ] o.f.c.i.s.JdbcTableSchemaHistory         : Creating Schema History table "PUBLIC"."flyway_schema_history" ...
2025-01-24T09:43:33.334-06:00  INFO 13807 --- [ai-music-backend] [           main] [                                                 ] o.f.core.internal.command.DbMigrate      : Current version of schema "PUBLIC": << Empty Schema >>
2025-01-24T09:43:33.355-06:00  INFO 13807 --- [ai-music-backend] [           main] [                                                 ] o.f.core.internal.command.DbMigrate      : Migrating schema "PUBLIC" to version "1 - init"
2025-01-24T09:43:33.372-06:00  INFO 13807 --- [ai-music-backend] [           main] [                                                 ] o.f.core.internal.command.DbMigrate      : Successfully applied 1 migration to schema "PUBLIC", now at version v1 (execution time 00:00.011s)
2025-01-24T09:43:33.837-06:00  INFO 13807 --- [ai-music-backend] [           main] [                                                 ] o.hibernate.jpa.internal.util.LogHelper  : HHH000204: Processing PersistenceUnitInfo [name: default]
2025-01-24T09:43:33.861-06:00  INFO 13807 --- [ai-music-backend] [           main] [                                                 ] o.h.c.internal.RegionFactoryInitiator    : HHH000026: Second-level cache disabled
2025-01-24T09:43:33.885-06:00  INFO 13807 --- [ai-music-backend] [           main] [                                                 ] o.s.o.j.p.SpringPersistenceUnitInfo      : No LoadTimeWeaver setup: ignoring JPA class transformer
2025-01-24T09:43:33.893-06:00  WARN 13807 --- [ai-music-backend] [           main] [                                                 ] org.hibernate.dialect.Dialect            : HHH000511: The 2.2.0 version for [org.hibernate.dialect.PostgreSQLDialect] is no longer supported, hence certain features may not work properly. The minimum supported version is 11.0.0. Check the community dialects project for available legacy versions.
2025-01-24T09:43:33.894-06:00  WARN 13807 --- [ai-music-backend] [           main] [                                                 ] org.hibernate.orm.deprecation            : HHH90000025: PostgreSQLDialect does not need to be specified explicitly using 'hibernate.dialect' (remove the property setting and it will be selected by default)
2025-01-24T09:43:34.280-06:00  INFO 13807 --- [ai-music-backend] [           main] [                                                 ] o.h.e.t.j.p.i.JtaPlatformInitiator       : HHH000489: No JTA platform available (set 'hibernate.transaction.jta.platform' to enable JTA platform integration)
2025-01-24T09:43:34.281-06:00 DEBUG 13807 --- [ai-music-backend] [           main] [                                                 ] org.hibernate.SQL                        : 
    drop table if exists music cascade
Hibernate: 
    drop table if exists music cascade
2025-01-24T09:43:34.287-06:00 DEBUG 13807 --- [ai-music-backend] [           main] [                                                 ] org.hibernate.SQL                        : 
    create table music (
        duration integer not null,
        created_at timestamp(6) not null,
        updated_at timestamp(6) not null,
        id uuid not null,
        prompt varchar(255) not null,
        status varchar(255) not null check (status in ('PENDING','GENERATING','COMPLETED','FAILED')),
        style varchar(255) not null,
        title varchar(255) not null,
        url varchar(255),
        primary key (id)
    )
Hibernate: 
    create table music (
        duration integer not null,
        created_at timestamp(6) not null,
        updated_at timestamp(6) not null,
        id uuid not null,
        prompt varchar(255) not null,
        status varchar(255) not null check (status in ('PENDING','GENERATING','COMPLETED','FAILED')),
        style varchar(255) not null,
        title varchar(255) not null,
        url varchar(255),
        primary key (id)
    )
2025-01-24T09:43:34.300-06:00  INFO 13807 --- [ai-music-backend] [           main] [                                                 ] j.LocalContainerEntityManagerFactoryBean : Initialized JPA EntityManagerFactory for persistence unit 'default'
2025-01-24T09:43:40.699-06:00  INFO 13807 --- [ai-music-backend] [           main] [                                                 ] o.s.b.a.e.web.EndpointLinksResolver      : Exposing 3 endpoint(s) beneath base path '/actuator'
2025-01-24T09:43:50.518-06:00  INFO 13807 --- [ai-music-backend] [           main] [                                                 ] o.s.b.a.h2.H2ConsoleAutoConfiguration    : H2 console available at '/h2-console'. Database available at 'jdbc:h2:mem:testdb'
2025-01-24T09:43:50.751-06:00  INFO 13807 --- [ai-music-backend] [           main] [                                                 ] o.s.b.t.m.w.SpringBootMockServletContext : Initializing Spring TestDispatcherServlet ''
2025-01-24T09:43:50.752-06:00  INFO 13807 --- [ai-music-backend] [           main] [                                                 ] o.s.t.web.servlet.TestDispatcherServlet  : Initializing Servlet ''
2025-01-24T09:43:50.764-06:00  INFO 13807 --- [ai-music-backend] [           main] [                                                 ] o.s.t.web.servlet.TestDispatcherServlet  : Completed initialization in 7 ms
2025-01-24T09:43:51.076-06:00  INFO 13807 --- [ai-music-backend] [           main] [                                                 ] c.a.b.controller.MusicControllerTest     : Started MusicControllerTest in 27.057 seconds (process running for 57.649)
]]></system-out>
  </testcase>
  <testcase name="shouldListMusic_whenValidPageRequest" classname="com.aimusic.backend.controller.MusicControllerTest" time="0.435">
    <system-out><![CDATA[2025-01-24T09:43:52.834-06:00  INFO 13807 --- [ai-music-backend] [           main] [6793b538777c5a8460a03ac1488d5cbc-60a03ac1488d5cbc] c.aimusic.backend.aspect.LoggingAspect   : 接收请求: MusicController.listMusic GET /music
2025-01-24T09:43:52.835-06:00 DEBUG 13807 --- [ai-music-backend] [           main] [6793b538777c5a8460a03ac1488d5cbc-60a03ac1488d5cbc] c.aimusic.backend.aspect.LoggingAspect   : 开始执行: MusicController.listMusic 参数: [Page request [number: 0, size 10, sort: createdAt: ASC]]
2025-01-24T09:43:52.856-06:00 DEBUG 13807 --- [ai-music-backend] [           main] [6793b538777c5a8460a03ac1488d5cbc-60a03ac1488d5cbc] c.a.b.aspect.PerformanceMonitorAspect    : 方法执行性能指标 - MusicController.listMusic: 执行时间=15ms, 堆内存变化=0bytes, 非堆内存变化=38400bytes
2025-01-24T09:43:52.857-06:00 DEBUG 13807 --- [ai-music-backend] [           main] [6793b538777c5a8460a03ac1488d5cbc-60a03ac1488d5cbc] c.aimusic.backend.aspect.LoggingAspect   : 执行完成: MusicController.listMusic 耗时: 19ms 返回值: <200 OK OK,Page 1 of 1 containing com.aimusic.backend.domain.dto.MusicDTO instances,[]>
]]></system-out>
  </testcase>
  <testcase name="shouldGenerateMusic_whenValidRequest" classname="com.aimusic.backend.controller.MusicControllerTest" time="0.051">
    <system-out><![CDATA[2025-01-24T09:43:53.166-06:00  INFO 13807 --- [ai-music-backend] [           main] [6793b5399ecd993f4aead37e829fae9e-4aead37e829fae9e] c.aimusic.backend.aspect.LoggingAspect   : 接收请求: MusicController.generateMusic POST /music/generate
2025-01-24T09:43:53.174-06:00 DEBUG 13807 --- [ai-music-backend] [           main] [6793b5399ecd993f4aead37e829fae9e-4aead37e829fae9e] c.aimusic.backend.aspect.LoggingAspect   : 开始执行: MusicController.generateMusic 参数: [MusicGenerationRequest(title=Test Music Request, prompt=Test prompt for music generation, style=Classical, duration=180)]
2025-01-24T09:43:53.175-06:00 DEBUG 13807 --- [ai-music-backend] [           main] [6793b5399ecd993f4aead37e829fae9e-4aead37e829fae9e] c.a.b.aspect.PerformanceMonitorAspect    : 方法执行性能指标 - MusicController.generateMusic: 执行时间=0ms, 堆内存变化=0bytes, 非堆内存变化=3512bytes
2025-01-24T09:43:53.176-06:00 DEBUG 13807 --- [ai-music-backend] [           main] [6793b5399ecd993f4aead37e829fae9e-4aead37e829fae9e] c.aimusic.backend.aspect.LoggingAspect   : 执行完成: MusicController.generateMusic 耗时: 1ms 返回值: <200 OK OK,MusicDTO(id=f1459190-382f-4104-b558-5b1cbabf4041, title=Test Music DTO, prompt=Test prompt for AI music generation, style=Classical, duration=180, status=COMPLETED, url=https://example.com/music.mp3, createdAt=2025-01-24T09:43:53.159458, updatedAt=2025-01-24T09:43:53.159532),[]>
]]></system-out>
  </testcase>
  <testcase name="shouldGetMusic_whenValidId" classname="com.aimusic.backend.controller.MusicControllerTest" time="0.037">
    <system-out><![CDATA[2025-01-24T09:43:53.223-06:00  INFO 13807 --- [ai-music-backend] [           main] [6793b53984be07c2080e4bd4a52f2f2b-080e4bd4a52f2f2b] c.aimusic.backend.aspect.LoggingAspect   : 接收请求: MusicController.getMusicById GET /music/ff21dea6-1bc3-474c-8edf-8243ea40710f
2025-01-24T09:43:53.224-06:00 DEBUG 13807 --- [ai-music-backend] [           main] [6793b53984be07c2080e4bd4a52f2f2b-080e4bd4a52f2f2b] c.aimusic.backend.aspect.LoggingAspect   : 开始执行: MusicController.getMusicById 参数: [ff21dea6-1bc3-474c-8edf-8243ea40710f]
2025-01-24T09:43:53.225-06:00 DEBUG 13807 --- [ai-music-backend] [           main] [6793b53984be07c2080e4bd4a52f2f2b-080e4bd4a52f2f2b] c.a.b.aspect.PerformanceMonitorAspect    : 方法执行性能指标 - MusicController.getMusicById: 执行时间=0ms, 堆内存变化=0bytes, 非堆内存变化=56bytes
2025-01-24T09:43:53.226-06:00 DEBUG 13807 --- [ai-music-backend] [           main] [6793b53984be07c2080e4bd4a52f2f2b-080e4bd4a52f2f2b] c.aimusic.backend.aspect.LoggingAspect   : 执行完成: MusicController.getMusicById 耗时: 1ms 返回值: <200 OK OK,MusicDTO(id=ff21dea6-1bc3-474c-8edf-8243ea40710f, title=Test Music DTO, prompt=Test prompt for AI music generation, style=Classical, duration=180, status=COMPLETED, url=https://example.com/music.mp3, createdAt=2025-01-24T09:43:53.212338, updatedAt=2025-01-24T09:43:53.212357),[]>
]]></system-out>
  </testcase>
  <testcase name="shouldUpdateMusicStatus_whenValidRequest" classname="com.aimusic.backend.controller.MusicControllerTest" time="0.051">
    <system-out><![CDATA[2025-01-24T09:43:53.283-06:00  INFO 13807 --- [ai-music-backend] [           main] [6793b5398eefcedd65191dc98b881158-65191dc98b881158] c.aimusic.backend.aspect.LoggingAspect   : 接收请求: MusicController.updateMusicStatus PUT /music/c70a049e-392a-413a-a906-af6217764731/status
2025-01-24T09:43:53.284-06:00 DEBUG 13807 --- [ai-music-backend] [           main] [6793b5398eefcedd65191dc98b881158-65191dc98b881158] c.aimusic.backend.aspect.LoggingAspect   : 开始执行: MusicController.updateMusicStatus 参数: [c70a049e-392a-413a-a906-af6217764731, https://example.com/updated.mp3]
2025-01-24T09:43:53.285-06:00 DEBUG 13807 --- [ai-music-backend] [           main] [6793b5398eefcedd65191dc98b881158-65191dc98b881158] c.a.b.aspect.PerformanceMonitorAspect    : 方法执行性能指标 - MusicController.updateMusicStatus: 执行时间=0ms, 堆内存变化=0bytes, 非堆内存变化=168bytes
2025-01-24T09:43:53.290-06:00 DEBUG 13807 --- [ai-music-backend] [           main] [6793b5398eefcedd65191dc98b881158-65191dc98b881158] c.aimusic.backend.aspect.LoggingAspect   : 执行完成: MusicController.updateMusicStatus 耗时: 5ms 返回值: <200 OK OK,[]>
]]></system-out>
  </testcase>
</testsuite>